<?xml version="1.0" encoding="UTF-8"?>
<testsuite name="Search" tests="1" skipped="0" failures="0" errors="0" timestamp="2017-10-28T15:02:54" hostname="Oluseuns-MacBook-Pro.local" time="1.182">
  <properties/>
  <testcase name="Should be able to search for products by tags" classname="Search" time="1.182"/>
  <system-out><![CDATA[Request method:	GET
Request URI:	https://openapi.etsy.com/v2/listings/active?api_key=it8yg5pd4mwid1v7t7itngnm&tags=olu%20amu
Proxy:			<none>
Request params:	api_key=it8yg5pd4mwid1v7t7itngnm
				tags=olu amu
Query params:	<none>
Form params:	<none>
Path params:	<none>
Multiparts:		<none>
Headers:		Accept=application/json
				Content-Type=application/json; charset=UTF-8
Cookies:		<none>
Body:			<none>
tags are:[cotton, japanese, matatabi, japanese fabric, kokka, miss matatabi, matabi, dobby, olu amu, dobby fabric, chambray, gray, kokka fabric]
tags are:[cotton, japanese, matatabi, japanese fabric, kokka, miss matatabi, matabi, olu amu, kokka fabric, navy blue, knit fabric]
tags are:[cotton, japanese, matatabi, japanese fabric, kokka, miss matatabi, matabi, olu amu, kokka fabric, navy blue, knit fabric]
tags are:[cotton, japanese, matatabi, japanese fabric, kokka, miss matatabi, matabi, olu amu, kokka fabric, knit fabric]
tags are:[cotton, japanese, matatabi, japanese fabric, kokka, miss matatabi, matabi, olu amu, kokka fabric, navy blue, knit fabric]
tags are:[cotton, japanese, matatabi, japanese fabric, kokka, miss matatabi, matabi, olu amu, kokka fabric, knit fabric]
tags are:[cotton, japanese, matatabi, japanese fabric, kokka, miss matatabi, matabi, olu amu, kokka fabric, navy blue, knit fabric]
tags are:[cotton, japanese, matatabi, japanese fabric, kokka, miss matatabi, matabi, dobby, olu amu, dobby fabric, chambray, gray, kokka fabric]
]]></system-out>
  <system-err><![CDATA[[Test worker] INFO net.serenitybdd.core.Serenity - ?[92m
        __    _____ _____ ____ _____   ____   _    ____  ____  _____ ____  
  _     \ \  |_   _| ____/ ___|_   _| |  _ \ / \  / ___|/ ___|| ____|  _ \ 
 (_)_____| |   | | |  _| \___ \ | |   | |_) / _ \ \___ \\___ \|  _| | | | |
  _|_____| |   | | | |___ ___) || |   |  __/ ___ \ ___) |___) | |___| |_| |
 (_)     | |   |_| |_____|____/ |_|   |_| /_/   \_\____/|____/|_____|____/ 
        /_/                                                                

TEST PASSED: Should be able to search for products by tags
----------------------------------------------------------------------------?[0m
]]></system-err>
</testsuite>
