<?xml version="1.0" encoding="UTF-8"?>
<testsuite name="TestSuite" tests="0" skipped="0" failures="0" errors="0" timestamp="1970-01-01T00:00:00" hostname="Oluseuns-MacBook-Pro.local" time="0.0">
  <properties/>
  <system-out><![CDATA[XXX Created runtime cucumber.runtime.RuntimeOptions@52d66ed2

2 Scenarios (?[32m2 passed?[0m)
7 Steps (?[32m7 passed?[0m)
0m7.458s

]]></system-out>
  <system-err><![CDATA[[Test worker] INFO net.serenitybdd.core.Serenity - ?[96m?[36m

-------------------------------------------------------------------------------------
     _______. _______ .______       _______ .__   __.  __  .___________.____    ____ 
    /       ||   ____||   _  \     |   ____||  \ |  | |  | |           |\   \  /   / 
   |   (----`|  |__   |  |_)  |    |  |__   |   \|  | |  | `---|  |----` \   \/   /  
    \   \    |   __|  |      /     |   __|  |  . `  | |  |     |  |       \_    _/   
.----)   |   |  |____ |  |\  \----.|  |____ |  |\   | |  |     |  |         |  |     
|_______/    |_______|| _| `._____||_______||__| \__| |__|     |__|         |__|    
                                                                                     
 News and tutorials at http://www.serenity-bdd.info                                  
 Documentation at https://wakaleo.gitbooks.io/the-serenity-book/content/             
 Join the Serenity Community on Rocket Chat at https://serenity-bdd.rocket.chat      
 Serenity BDD Support and Training at http://serenity-bdd.info/#/trainingandsupport  
 Learn Serenity BDD online at http://serenity-dojo.com                               
-------------------------------------------------------------------------------------
?[0m?[0m
[Test worker] INFO net.serenitybdd.core.Serenity - Test Suite Started: Listings
[Test worker] INFO net.serenitybdd.core.Serenity - Test Suite Started: Search
[Test worker] INFO net.serenitybdd.core.Serenity - 
 _____ _____ ____ _____   ____ _____  _    ____ _____ _____ ____  
|_   _| ____/ ___|_   _| / ___|_   _|/ \  |  _ \_   _| ____|  _ \ 
  | | |  _| \___ \ | |   \___ \ | | / _ \ | |_) || | |  _| | | | |
  | | | |___ ___) || |    ___) || |/ ___ \|  _ < | | | |___| |_| |
  |_| |_____|____/ |_|   |____/ |_/_/   \_\_| \_\|_| |_____|____/ 
                                                                  

TEST STARTED: Listing should provide key information
-------------------------------------------------------------------(listings;listing-should-provide-key-information)
[Test worker] INFO net.serenitybdd.core.Serenity - ?[92m
        __    _____ _____ ____ _____   ____   _    ____  ____  _____ ____  
  _     \ \  |_   _| ____/ ___|_   _| |  _ \ / \  / ___|/ ___|| ____|  _ \ 
 (_)_____| |   | | |  _| \___ \ | |   | |_) / _ \ \___ \\___ \|  _| | | | |
  _|_____| |   | | | |___ ___) || |   |  __/ ___ \ ___) |___) | |___| |_| |
 (_)     | |   |_| |_____|____/ |_|   |_| /_/   \_\____/|____/|_____|____/ 
        /_/                                                                

TEST PASSED: Listing should provide key information
----------------------------------------------------------------------------?[0m
[Test worker] INFO net.serenitybdd.core.Serenity - 
 _____ _____ ____ _____   ____ _____  _    ____ _____ _____ ____  
|_   _| ____/ ___|_   _| / ___|_   _|/ \  |  _ \_   _| ____|  _ \ 
  | | |  _| \___ \ | |   \___ \ | | / _ \ | |_) || | |  _| | | | |
  | | | |___ ___) || |    ___) || |/ ___ \|  _ < | | | |___| |_| |
  |_| |_____|____/ |_|   |____/ |_/_/   \_\_| \_\|_| |_____|____/ 
                                                                  

TEST STARTED: Should be able to search for products by tags
-------------------------------------------------------------------(search;should-be-able-to-search-for-products-by-tags)
[Test worker] INFO net.serenitybdd.core.Serenity - ?[92m
        __    _____ _____ ____ _____   ____   _    ____  ____  _____ ____  
  _     \ \  |_   _| ____/ ___|_   _| |  _ \ / \  / ___|/ ___|| ____|  _ \ 
 (_)_____| |   | | |  _| \___ \ | |   | |_) / _ \ \___ \\___ \|  _| | | | |
  _|_____| |   | | | |___ ___) || |   |  __/ ___ \ ___) |___) | |___| |_| |
 (_)     | |   |_| |_____|____/ |_|   |_| /_/   \_\____/|____/|_____|____/ 
        /_/                                                                

TEST PASSED: Should be able to search for products by tags
----------------------------------------------------------------------------?[0m
[pool-1-thread-1] INFO net.thucydides.core.reports.json.JSONTestOutcomeReporter - Generating JSON report for Listing should provide key information to file /Users/oluseunorebajo/AssignmentProject/final/test-developer-interview-stage-1-master1/target/site/serenity/b5015db8cef964bca41d04d5c963083e2312f09f6e7f8c47ab8569ed5cac572f.json (using temp file /Users/oluseunorebajo/AssignmentProject/final/test-developer-interview-stage-1-master1/target/site/serenity/b5015db8cef964bca41d04d5c963083e2312f09f6e7f8c47ab8569ed5cac572f.json9ef564a9-5e24-427e-820f-e660e420f772)
[pool-1-thread-2] INFO net.thucydides.core.reports.json.JSONTestOutcomeReporter - Generating JSON report for Should be able to search for products by tags to file /Users/oluseunorebajo/AssignmentProject/final/test-developer-interview-stage-1-master1/target/site/serenity/9b25e0de5f1ac7be257e48d2f8f4776785c6ea2c625b69dd8537c0bc184d2d8f.json (using temp file /Users/oluseunorebajo/AssignmentProject/final/test-developer-interview-stage-1-master1/target/site/serenity/9b25e0de5f1ac7be257e48d2f8f4776785c6ea2c625b69dd8537c0bc184d2d8f.jsonbfe5e25a-82ed-4fb0-992b-0d4fb8204822)
[pool-2-thread-1] INFO net.thucydides.core.reports.html.HtmlAcceptanceTestReporter - GENERATING HTML REPORT FOR Search:Listing should provide key information in b5015db8cef964bca41d04d5c963083e2312f09f6e7f8c47ab8569ed5cac572f.html in directory /Users/oluseunorebajo/AssignmentProject/final/test-developer-interview-stage-1-master1/target/site/serenity  
[pool-2-thread-2] INFO net.thucydides.core.reports.html.HtmlAcceptanceTestReporter - GENERATING HTML REPORT FOR Search:Should be able to search for products by tags in 9b25e0de5f1ac7be257e48d2f8f4776785c6ea2c625b69dd8537c0bc184d2d8f.html in directory /Users/oluseunorebajo/AssignmentProject/final/test-developer-interview-stage-1-master1/target/site/serenity  
]]></system-err>
</testsuite>
