<?xml version="1.0" encoding="UTF-8"?>
<testsuite name="Listings" tests="1" skipped="0" failures="0" errors="0" timestamp="2017-10-28T15:02:48" hostname="Oluseuns-MacBook-Pro.local" time="5.946">
  <properties/>
  <testcase name="Listing should provide key information" classname="Listings" time="5.946"/>
  <system-out><![CDATA[Request method:	GET
Request URI:	https://openapi.etsy.com/v2/listings/553562134?api_key=it8yg5pd4mwid1v7t7itngnm
Proxy:			<none>
Request params:	api_key=it8yg5pd4mwid1v7t7itngnm
Query params:	<none>
Form params:	<none>
Path params:	<none>
Multiparts:		<none>
Headers:		Accept=application/json
				Content-Type=application/json; charset=UTF-8
Cookies:		<none>
Body:			<none>
]]></system-out>
  <system-err><![CDATA[[Test worker] INFO net.serenitybdd.core.Serenity - ?[92m
        __    _____ _____ ____ _____   ____   _    ____  ____  _____ ____  
  _     \ \  |_   _| ____/ ___|_   _| |  _ \ / \  / ___|/ ___|| ____|  _ \ 
 (_)_____| |   | | |  _| \___ \ | |   | |_) / _ \ \___ \\___ \|  _| | | | |
  _|_____| |   | | | |___ ___) || |   |  __/ ___ \ ___) |___) | |___| |_| |
 (_)     | |   |_| |_____|____/ |_|   |_| /_/   \_\____/|____/|_____|____/ 
        /_/                                                                

TEST PASSED: Listing should provide key information
----------------------------------------------------------------------------?[0m
]]></system-err>
</testsuite>
